==============================================
Verify Header Split Circuit - Build & Prove
==============================================
Script directory: /Users/josefigueredo/Desktop/web3/forkeado/zkBridge-lightClient/circuits/verify_header
Build directory: /Users/josefigueredo/Desktop/web3/forkeado/zkBridge-lightClient/circuits/verify_header/build_split_mini
Node: node
Validators: 8


========================================
PHASE: Compiling all circuits (verify_header_mini)
========================================
---- Compiling verify_header_mini_part1.circom...
This may take a while for large circuits...
[32mtemplate instances[0m: 450
[0m[1m[38;5;11mwarning[T3002][0m[1m: Consider using <== instead of <-- to add the corresponding quadratic constraint[0m
    [0m[34m┌─[0m "/Users/josefigueredo/Desktop/web3/forkeado/zkBridge-lightClient/circuits/utils/circom-pairing/circuits/bigint.circom":293:8
    [0m[34m│[0m
[0m[34m293[0m [0m[34m│[0m        [0m[33mout[i] <-- prod_val[i][0m;
    [0m[34m│[0m        [0m[33m^^^^^^^^^^^^^^^^^^^^^^[0m [0m[33mfound here[0m
    [0m[34m│[0m
    [0m[34m=[0m call trace:
      ->VerifyHeaderPart1
       ->HashToField
        ->SignedFpCarryModP
         ->CheckCarryModP
          ->BigMultShortLongUnequal

[0m[1m[38;5;11mwarning[T3002][0m[1m: Consider using <== instead of <-- to add the corresponding quadratic constraint[0m
    [0m[34m┌─[0m "/Users/josefigueredo/Desktop/web3/forkeado/zkBridge-lightClient/circuits/utils/circom-pairing/circuits/bigint.circom":293:8
    [0m[34m│[0m
[0m[34m293[0m [0m[34m│[0m        [0m[33mout[i] <-- prod_val[i][0m;
    [0m[34m│[0m        [0m[33m^^^^^^^^^^^^^^^^^^^^^^[0m [0m[33mfound here[0m
    [0m[34m│[0m
    [0m[34m=[0m call trace:
      ->VerifyHeaderPart1
       ->HashToField
        ->SignedFpCarryModP
         ->CheckCarryModP
          ->BigMultShortLongUnequal

[0m[1m[38;5;11mwarning[T3002][0m[1m: Consider using <== instead of <-- to add the corresponding quadratic constraint[0m
    [0m[34m┌─[0m "/Users/josefigueredo/Desktop/web3/forkeado/zkBridge-lightClient/circuits/utils/circom-pairing/circuits/bigint.circom":764:13
    [0m[34m│[0m
[0m[34m764[0m [0m[34m│[0m             [0m[33mcarry[i] <-- in[i] / (1<<n)[0m;
    [0m[34m│[0m             [0m[33m^^^^^^^^^^^^^^^^^^^^^^^^^^^[0m [0m[33mfound here[0m
    [0m[34m│[0m
    [0m[34m=[0m call trace:
      ->VerifyHeaderPart1
       ->HashToField
        ->SignedFpCarryModP
         ->CheckCarryModP
          ->CheckCarryToZero

[0m[1m[38;5;11mwarning[T3002][0m[1m: Consider using <== instead of <-- to add the corresponding quadratic constraint[0m
    [0m[34m┌─[0m "/Users/josefigueredo/Desktop/web3/forkeado/zkBridge-lightClient/circuits/utils/circom-pairing/circuits/bigint.circom":768:13
    [0m[34m│[0m
[0m[34m768[0m [0m[34m│[0m             [0m[33mcarry[i] <-- (in[i]+carry[i-1]) / (1<<n)[0m;
    [0m[34m│[0m             [0m[33m^^^^^^^^^^^^^^^^^^^^^^^^^^^^^^^^^^^^^^^^[0m [0m[33mfound here[0m
    [0m[34m│[0m
    [0m[34m=[0m call trace:
      ->VerifyHeaderPart1
       ->HashToField
        ->SignedFpCarryModP
         ->CheckCarryModP
          ->CheckCarryToZero

[0m[1m[38;5;11mwarning[T3002][0m[1m: Consider using <== instead of <-- to add the corresponding quadratic constraint[0m
    [0m[34m┌─[0m "/Users/josefigueredo/Desktop/web3/forkeado/zkBridge-lightClient/circuits/utils/circom-pairing/circuits/bigint.circom":768:13
    [0m[34m│[0m
[0m[34m768[0m [0m[34m│[0m             [0m[33mcarry[i] <-- (in[i]+carry[i-1]) / (1<<n)[0m;
    [0m[34m│[0m             [0m[33m^^^^^^^^^^^^^^^^^^^^^^^^^^^^^^^^^^^^^^^^[0m [0m[33mfound here[0m
    [0m[34m│[0m
    [0m[34m=[0m call trace:
      ->VerifyHeaderPart1
       ->HashToField
        ->SignedFpCarryModP
         ->CheckCarryModP
          ->CheckCarryToZero

[0m[1m[38;5;11mwarning[T3002][0m[1m: Consider using <== instead of <-- to add the corresponding quadratic constraint[0m
    [0m[34m┌─[0m "/Users/josefigueredo/Desktop/web3/forkeado/zkBridge-lightClient/circuits/utils/circom-pairing/circuits/bigint.circom":768:13
    [0m[34m│[0m
[0m[34m768[0m [0m[34m│[0m             [0m[33mcarry[i] <-- (in[i]+carry[i-1]) / (1<<n)[0m;
    [0m[34m│[0m             [0m[33m^^^^^^^^^^^^^^^^^^^^^^^^^^^^^^^^^^^^^^^^[0m [0m[33mfound here[0m
    [0m[34m│[0m
    [0m[34m=[0m call trace:
      ->VerifyHeaderPart1
       ->HashToField
        ->SignedFpCarryModP
         ->CheckCarryModP
          ->CheckCarryToZero

[0m[1m[38;5;11mwarning[T3002][0m[1m: Consider using <== instead of <-- to add the corresponding quadratic constraint[0m
    [0m[34m┌─[0m "/Users/josefigueredo/Desktop/web3/forkeado/zkBridge-lightClient/circuits/utils/circom-pairing/circuits/bigint.circom":768:13
    [0m[34m│[0m
[0m[34m768[0m [0m[34m│[0m             [0m[33mcarry[i] <-- (in[i]+carry[i-1]) / (1<<n)[0m;
    [0m[34m│[0m             [0m[33m^^^^^^^^^^^^^^^^^^^^^^^^^^^^^^^^^^^^^^^^[0m [0m[33mfound here[0m
    [0m[34m│[0m
    [0m[34m=[0m call trace:
      ->VerifyHeaderPart1
       ->HashToField
        ->SignedFpCarryModP
         ->CheckCarryModP
          ->CheckCarryToZero

[0m[1m[38;5;11mwarning[T3002][0m[1m: Consider using <== instead of <-- to add the corresponding quadratic constraint[0m
    [0m[34m┌─[0m "/Users/josefigueredo/Desktop/web3/forkeado/zkBridge-lightClient/circuits/utils/circom-pairing/circuits/bigint.circom":768:13
    [0m[34m│[0m
[0m[34m768[0m [0m[34m│[0m             [0m[33mcarry[i] <-- (in[i]+carry[i-1]) / (1<<n)[0m;
    [0m[34m│[0m             [0m[33m^^^^^^^^^^^^^^^^^^^^^^^^^^^^^^^^^^^^^^^^[0m [0m[33mfound here[0m
    [0m[34m│[0m
    [0m[34m=[0m call trace:
      ->VerifyHeaderPart1
       ->HashToField
        ->SignedFpCarryModP
         ->CheckCarryModP
          ->CheckCarryToZero

[0m[1m[38;5;11mwarning[T3002][0m[1m: Consider using <== instead of <-- to add the corresponding quadratic constraint[0m
    [0m[34m┌─[0m "/Users/josefigueredo/Desktop/web3/forkeado/zkBridge-lightClient/circuits/utils/circom-pairing/circuits/bigint.circom":768:13
    [0m[34m│[0m
[0m[34m768[0m [0m[34m│[0m             [0m[33mcarry[i] <-- (in[i]+carry[i-1]) / (1<<n)[0m;
    [0m[34m│[0m             [0m[33m^^^^^^^^^^